backend/sentry.py:18: error: Cannot find implementation or library stub for module named "sentry_sdk"  [import-not-found]
backend/sentry.py:19: error: Cannot find implementation or library stub for module named "sentry_sdk.integrations.fastapi"  [import-not-found]
backend/sentry.py:20: error: Cannot find implementation or library stub for module named "sentry_sdk.integrations.starlette"  [import-not-found]
backend/sentry.py:65: error: Function is missing a return type annotation  [no-untyped-def]
backend/sentry.py:118: error: Function is missing a type annotation  [no-untyped-def]
backend/sentry.py:130: error: Function is missing a type annotation  [no-untyped-def]
backend/sentry.py:135: error: Call to untyped function "redact_dict" in typed context  [no-untyped-call]
backend/sentry.py:141: error: Call to untyped function "redact_dict" in typed context  [no-untyped-call]
backend/sentry.py:154: error: Function is missing a return type annotation  [no-untyped-def]
backend/sentry.py:154: error: Incompatible default for argument "email" (default has type "None", argument has type "str")  [assignment]
backend/sentry.py:154: note: PEP 484 prohibits implicit Optional. Accordingly, mypy has changed its default to no_implicit_optional=True
backend/sentry.py:154: note: Use https://github.com/hauntsaninja/no_implicit_optional to automatically upgrade your codebase
backend/sentry.py:165: error: Function is missing a return type annotation  [no-untyped-def]
backend/sentry.py:165: note: Use "-> None" if function does not return a value
backend/sentry.py:172: error: Function is missing a type annotation  [no-untyped-def]
backend/sentry.py:183: error: Function is missing a return type annotation  [no-untyped-def]
backend/sentry.py:183: error: Function is missing a type annotation for one or more arguments  [no-untyped-def]
backend/knowledge_fallback.py:256: error: Missing type parameters for generic type "dict"  [type-arg]
backend/knowledge_fallback.py:337: error: Missing type parameters for generic type "dict"  [type-arg]
backend/feature_flags.py:173: error: Missing type parameters for generic type "dict"  [type-arg]
backend/model_registry.py:22: error: Module "supabase" has no attribute "create_client"  [attr-defined]
backend/model_registry.py:22: error: Module "supabase" has no attribute "Client"  [attr-defined]
backend/tests/conftest.py:7: error: Cannot find implementation or library stub for module named "pytest"  [import-not-found]
backend/tests/conftest.py:12: error: Function is missing a return type annotation  [no-untyped-def]
backend/tests/conftest.py:23: error: Function is missing a return type annotation  [no-untyped-def]
backend/tests/conftest.py:33: error: Function is missing a return type annotation  [no-untyped-def]
backend/tests/conftest.py:52: error: Function is missing a type annotation  [no-untyped-def]
backend/tests/conftest.py:58: error: Function is missing a type annotation  [no-untyped-def]
backend/rate_limit.py:6: error: Cannot find implementation or library stub for module named "slowapi"  [import-not-found]
backend/rate_limit.py:7: error: Cannot find implementation or library stub for module named "slowapi.util"  [import-not-found]
backend/rate_limit.py:8: error: Cannot find implementation or library stub for module named "fastapi"  [import-not-found]
backend/rate_limit.py:24: error: Returning Any from function declared to return "str"  [no-any-return]
backend/utils/encryption.py:78: error: Cannot find implementation or library stub for module named "cryptography.hazmat.primitives"  [import-not-found]
backend/utils/encryption.py:79: error: Cannot find implementation or library stub for module named "cryptography.hazmat.primitives.kdf.hkdf"  [import-not-found]
backend/utils/encryption.py:80: error: Cannot find implementation or library stub for module named "cryptography.hazmat.backends"  [import-not-found]
backend/utils/encryption.py:105: error: Function is missing a return type annotation  [no-untyped-def]
backend/utils/encryption.py:112: error: Cannot find implementation or library stub for module named "cryptography.fernet"  [import-not-found]
backend/utils/encryption.py:126: error: Function is missing a return type annotation  [no-untyped-def]
backend/utils/encryption.py:156: error: Call to untyped function "get_cipher" in typed context  [no-untyped-call]
backend/utils/encryption.py:159: error: Returning Any from function declared to return "str"  [no-any-return]
backend/utils/encryption.py:191: error: Call to untyped function "get_cipher" in typed context  [no-untyped-call]
backend/utils/encryption.py:195: error: Returning Any from function declared to return "str"  [no-any-return]
backend/config.py:6: error: Cannot find implementation or library stub for module named "dotenv"  [import-not-found]
backend/config.py:18: error: Function is missing a return type annotation  [no-untyped-def]
backend/config.py:18: note: Use "-> None" if function does not return a value
backend/config.py:37: error: Call to untyped function "validate_config" in typed context  [no-untyped-call]
backend/schemas/responses.py:29: error: Cannot find implementation or library stub for module named "pydantic"  [import-not-found]
backend/schemas/responses.py:42: error: Class cannot subclass "BaseModel" (has type "Any")  [misc]
backend/schemas/responses.py:50: error: Class cannot subclass "BaseModel" (has type "Any")  [misc]
backend/schemas/responses.py:64: error: Class cannot subclass "BaseModel" (has type "Any")  [misc]
backend/schemas/responses.py:81: error: Class cannot subclass "BaseModel" (has type "Any")  [misc]
backend/schemas/responses.py:108: error: Class cannot subclass "BaseModel" (has type "Any")  [misc]
backend/schemas/responses.py:119: error: Missing type parameters for generic type "dict"  [type-arg]
backend/schemas/responses.py:122: error: Class cannot subclass "BaseModel" (has type "Any")  [misc]
backend/schemas/responses.py:148: error: Function is missing a type annotation for one or more arguments  [no-untyped-def]
backend/schemas/responses.py:148: error: Missing type parameters for generic type "dict"  [type-arg]
backend/schemas/responses.py:167: error: Function is missing a type annotation for one or more arguments  [no-untyped-def]
backend/schemas/responses.py:173: error: Missing type parameters for generic type "dict"  [type-arg]
backend/schemas/responses.py:212: error: Missing type parameters for generic type "dict"  [type-arg]
backend/schemas/responses.py:214: error: Missing type parameters for generic type "dict"  [type-arg]
backend/schemas/responses.py:236: error: Incompatible types in assignment (expression has type "dict[Any, Any]", target has type "str")  [assignment]
backend/vector_store.py:13: error: Cannot find implementation or library stub for module named "httpx"  [import-not-found]
backend/vector_store.py:15: error: Cannot find implementation or library stub for module named "qdrant_client"  [import-not-found]
backend/vector_store.py:16: error: Cannot find implementation or library stub for module named "qdrant_client.http"  [import-not-found]
backend/vector_store.py:17: error: Cannot find implementation or library stub for module named "qdrant_client.http.exceptions"  [import-not-found]
backend/vector_store.py:74: error: Function is missing a return type annotation  [no-untyped-def]
backend/vector_store.py:74: note: Use "-> None" if function does not return a value
backend/vector_store.py:86: error: Function is missing a return type annotation  [no-untyped-def]
backend/vector_store.py:162: error: Returning Any from function declared to return "list[float] | None"  [no-any-return]
backend/vector_store.py:180: error: Missing type parameters for generic type "dict"  [type-arg]
backend/vector_store.py:226: error: Missing type parameters for generic type "dict"  [type-arg]
backend/vector_store.py:271: error: Missing type parameters for generic type "dict"  [type-arg]
backend/vector_store.py:320: error: Missing type parameters for generic type "dict"  [type-arg]
backend/vector_store.py:401: error: Missing type parameters for generic type "dict"  [type-arg]
backend/mock_llm.py:88: error: Missing type parameters for generic type "Dict"  [type-arg]
backend/mock_llm.py:1695: error: Missing type parameters for generic type "Dict"  [type-arg]
backend/mock_llm.py:1716: error: Missing type parameters for generic type "Dict"  [type-arg]
backend/mock_llm.py:1718: error: Missing type parameters for generic type "Dict"  [type-arg]
backend/mock_llm.py:1771: error: Missing type parameters for generic type "Dict"  [type-arg]
backend/database.py:10: error: Module "supabase" has no attribute "create_client"  [attr-defined]
backend/database.py:10: error: Module "supabase" has no attribute "Client"  [attr-defined]
backend/database.py:11: error: Cannot find implementation or library stub for module named "dotenv"  [import-not-found]
backend/database.py:161: error: Returning Any from function declared to return "T"  [no-any-return]
backend/database.py:193: error: Argument 2 to "DatabaseRetryError" has incompatible type "Exception | None"; expected "Exception"  [arg-type]
backend/database.py:232: error: Function is missing a return type annotation  [no-untyped-def]
backend/database.py:241: error: Incompatible types in assignment (expression has type "float", variable has type "int")  [assignment]
backend/database.py:312: error: Call to untyped function "_cleanup_pool" in typed context  [no-untyped-call]
backend/cache.py:23: error: Cannot find implementation or library stub for module named "redis.asyncio"  [import-not-found]
backend/cache.py:23: error: Cannot find implementation or library stub for module named "redis"  [import-not-found]
backend/cache.py:24: error: Cannot find implementation or library stub for module named "redis.asyncio.connection"  [import-not-found]
backend/cache.py:81: error: Function is missing a return type annotation  [no-untyped-def]
backend/cache.py:81: note: Use "-> None" if function does not return a value
backend/cache.py:98: error: Function is missing a type annotation for one or more arguments  [no-untyped-def]
backend/cache.py:148: error: Missing type parameters for generic type "list"  [type-arg]
backend/cache.py:175: error: Returning Any from function declared to return "dict[str, Any] | None"  [no-any-return]
backend/cache.py:235: error: Returning Any from function declared to return "int"  [no-any-return]
backend/cache.py:357: error: Returning Any from function declared to return "dict[str, Any] | None"  [no-any-return]
backend/cache.py:428: error: Function is missing a return type annotation  [no-untyped-def]
backend/cache.py:431: error: Function "builtins.callable" is not valid as a type  [valid-type]
backend/cache.py:431: note: Perhaps you meant "typing.Callable" instead of "callable"?
